0 info it worked if it ends with ok
1 verbose cli [ '/home/thanmaya/.nvm/versions/node/v6.9.4/bin/node',
1 verbose cli   '/home/thanmaya/.nvm/versions/node/v6.9.4/bin/npm',
1 verbose cli   'run',
1 verbose cli   'build' ]
2 info using npm@3.10.10
3 info using node@v6.9.4
4 verbose run-script [ 'prebuild', 'build', 'postbuild' ]
5 info lifecycle react-redux@1.0.0~prebuild: react-redux@1.0.0
6 silly lifecycle react-redux@1.0.0~prebuild: no script for prebuild, continuing
7 info lifecycle react-redux@1.0.0~build: react-redux@1.0.0
8 verbose lifecycle react-redux@1.0.0~build: unsafe-perm in lifecycle true
9 verbose lifecycle react-redux@1.0.0~build: PATH: /home/thanmaya/.nvm/versions/node/v6.9.4/lib/node_modules/npm/bin/node-gyp-bin:/home/thanmaya/Desktop/Training/stash/Gif/node_modules/.bin:/home/thanmaya/.nvm/versions/node/v6.9.4/bin:/home/thanmaya/bin:/home/thanmaya/.local/bin:/home/thanmaya/bin:/home/thanmaya/.local/bin:/usr/local/sbin:/usr/local/bin:/usr/sbin:/usr/bin:/sbin:/bin:/usr/games:/usr/local/games:/snap/bin:/snap/bin
10 verbose lifecycle react-redux@1.0.0~build: CWD: /home/thanmaya/Desktop/Training/stash/Gif
11 silly lifecycle react-redux@1.0.0~build: Args: [ '-c', './node_modules/webpack/bin/webpack.js' ]
12 silly lifecycle react-redux@1.0.0~build: Returned: code: 2  signal: null
13 info lifecycle react-redux@1.0.0~build: Failed to exec build script
14 verbose stack Error: react-redux@1.0.0 build: `./node_modules/webpack/bin/webpack.js`
14 verbose stack Exit status 2
14 verbose stack     at EventEmitter.<anonymous> (/home/thanmaya/.nvm/versions/node/v6.9.4/lib/node_modules/npm/lib/utils/lifecycle.js:255:16)
14 verbose stack     at emitTwo (events.js:106:13)
14 verbose stack     at EventEmitter.emit (events.js:191:7)
14 verbose stack     at ChildProcess.<anonymous> (/home/thanmaya/.nvm/versions/node/v6.9.4/lib/node_modules/npm/lib/utils/spawn.js:40:14)
14 verbose stack     at emitTwo (events.js:106:13)
14 verbose stack     at ChildProcess.emit (events.js:191:7)
14 verbose stack     at maybeClose (internal/child_process.js:877:16)
14 verbose stack     at Process.ChildProcess._handle.onexit (internal/child_process.js:226:5)
15 verbose pkgid react-redux@1.0.0
16 verbose cwd /home/thanmaya/Desktop/Training/stash/Gif
17 error Linux 4.4.0-96-generic
18 error argv "/home/thanmaya/.nvm/versions/node/v6.9.4/bin/node" "/home/thanmaya/.nvm/versions/node/v6.9.4/bin/npm" "run" "build"
19 error node v6.9.4
20 error npm  v3.10.10
21 error code ELIFECYCLE
22 error react-redux@1.0.0 build: `./node_modules/webpack/bin/webpack.js`
22 error Exit status 2
23 error Failed at the react-redux@1.0.0 build script './node_modules/webpack/bin/webpack.js'.
23 error Make sure you have the latest version of node.js and npm installed.
23 error If you do, this is most likely a problem with the react-redux package,
23 error not with npm itself.
23 error Tell the author that this fails on your system:
23 error     ./node_modules/webpack/bin/webpack.js
23 error You can get information on how to open an issue for this project with:
23 error     npm bugs react-redux
23 error Or if that isn't available, you can get their info via:
23 error     npm owner ls react-redux
23 error There is likely additional logging output above.
24 verbose exit [ 1, true ]
